[INFO] 2025-07-15 16:36:02,968 django.utils.autoreload Watching for file changes with StatReloader
[INFO] 2025-07-15 16:36:53,764 django.utils.autoreload D:\shradda\project\fitness_studio\api\views.py changed, reloading.
[INFO] 2025-07-15 16:36:54,459 django.utils.autoreload Watching for file changes with StatReloader
[INFO] 2025-07-15 16:37:55,214 django.utils.autoreload Watching for file changes with StatReloader
[INFO] 2025-07-15 16:45:47,739 django.utils.autoreload D:\shradda\project\fitness_studio\api\views.py changed, reloading.
[INFO] 2025-07-15 16:45:48,498 django.utils.autoreload Watching for file changes with StatReloader
[INFO] 2025-07-15 16:46:01,037 django.utils.autoreload D:\shradda\project\fitness_studio\api\serializers.py changed, reloading.
[INFO] 2025-07-15 16:46:01,774 django.utils.autoreload Watching for file changes with StatReloader
[INFO] 2025-07-15 16:46:11,860 django.utils.autoreload Watching for file changes with StatReloader
[INFO] 2025-07-15 16:46:51,321 django.utils.autoreload Watching for file changes with StatReloader
[WARNING] 2025-07-15 16:47:18,058 django.request Not Found: /
[WARNING] 2025-07-15 16:47:18,058 django.server "GET / HTTP/1.1" 404 2056
[WARNING] 2025-07-15 16:47:18,112 django.request Not Found: /favicon.ico
[WARNING] 2025-07-15 16:47:18,112 django.server "GET /favicon.ico HTTP/1.1" 404 2107
[WARNING] 2025-07-15 16:47:52,997 django.request Not Found: /api/
[WARNING] 2025-07-15 16:47:53,003 django.server "GET /api/ HTTP/1.1" 404 2454
[WARNING] 2025-07-15 16:48:03,816 django.request Not Found: /
[WARNING] 2025-07-15 16:48:03,816 django.server "GET / HTTP/1.1" 404 2056
[ERROR] 2025-07-15 16:48:32,062 django.request Internal Server Error: /api/classes
Traceback (most recent call last):
  File "D:\shradda\project\env\lib\site-packages\django\core\handlers\exception.py", line 47, in inner
    response = get_response(request)
  File "D:\shradda\project\env\lib\site-packages\django\core\handlers\base.py", line 181, in _get_response
    response = wrapped_callback(request, *callback_args, **callback_kwargs)
  File "D:\shradda\project\env\lib\site-packages\django\views\decorators\csrf.py", line 54, in wrapped_view
    return view_func(*args, **kwargs)
  File "D:\shradda\project\env\lib\site-packages\django\views\generic\base.py", line 70, in view
    return self.dispatch(request, *args, **kwargs)
  File "D:\shradda\project\env\lib\site-packages\rest_framework\views.py", line 509, in dispatch
    response = self.handle_exception(exc)
  File "D:\shradda\project\env\lib\site-packages\rest_framework\views.py", line 469, in handle_exception
    self.raise_uncaught_exception(exc)
  File "D:\shradda\project\env\lib\site-packages\rest_framework\views.py", line 480, in raise_uncaught_exception
    raise exc
  File "D:\shradda\project\env\lib\site-packages\rest_framework\views.py", line 506, in dispatch
    response = handler(request, *args, **kwargs)
  File "D:\shradda\project\fitness_studio\api\views.py", line 14, in get
    classes = FitnessClass.objects.filter(datetime__gte=timezone.now()).order_by('datetime')
NameError: name 'timezone' is not defined
[ERROR] 2025-07-15 16:48:32,062 django.server "GET /api/classes HTTP/1.1" 500 88664
[INFO] 2025-07-15 16:49:27,915 django.utils.autoreload D:\shradda\project\fitness_studio\api\views.py changed, reloading.
[INFO] 2025-07-15 16:49:28,684 django.utils.autoreload Watching for file changes with StatReloader
[ERROR] 2025-07-15 16:50:58,051 django.request Internal Server Error: /api/classes
Traceback (most recent call last):
  File "D:\shradda\project\env\lib\site-packages\django\db\backends\utils.py", line 84, in _execute
    return self.cursor.execute(sql, params)
  File "D:\shradda\project\env\lib\site-packages\django\db\backends\sqlite3\base.py", line 423, in execute
    return Database.Cursor.execute(self, query, params)
sqlite3.OperationalError: no such table: api_fitnessclass

The above exception was the direct cause of the following exception:

Traceback (most recent call last):
  File "D:\shradda\project\env\lib\site-packages\django\core\handlers\exception.py", line 47, in inner
    response = get_response(request)
  File "D:\shradda\project\env\lib\site-packages\django\core\handlers\base.py", line 181, in _get_response
    response = wrapped_callback(request, *callback_args, **callback_kwargs)
  File "D:\shradda\project\env\lib\site-packages\django\views\decorators\csrf.py", line 54, in wrapped_view
    return view_func(*args, **kwargs)
  File "D:\shradda\project\env\lib\site-packages\django\views\generic\base.py", line 70, in view
    return self.dispatch(request, *args, **kwargs)
  File "D:\shradda\project\env\lib\site-packages\rest_framework\views.py", line 509, in dispatch
    response = self.handle_exception(exc)
  File "D:\shradda\project\env\lib\site-packages\rest_framework\views.py", line 469, in handle_exception
    self.raise_uncaught_exception(exc)
  File "D:\shradda\project\env\lib\site-packages\rest_framework\views.py", line 480, in raise_uncaught_exception
    raise exc
  File "D:\shradda\project\env\lib\site-packages\rest_framework\views.py", line 506, in dispatch
    response = handler(request, *args, **kwargs)
  File "D:\shradda\project\fitness_studio\api\views.py", line 18, in get
    return Response(serializer.data)
  File "D:\shradda\project\env\lib\site-packages\rest_framework\serializers.py", line 768, in data
    ret = super().data
  File "D:\shradda\project\env\lib\site-packages\rest_framework\serializers.py", line 253, in data
    self._data = self.to_representation(self.instance)
  File "D:\shradda\project\env\lib\site-packages\rest_framework\serializers.py", line 686, in to_representation
    return [
  File "D:\shradda\project\env\lib\site-packages\django\db\models\query.py", line 280, in __iter__
    self._fetch_all()
  File "D:\shradda\project\env\lib\site-packages\django\db\models\query.py", line 1324, in _fetch_all
    self._result_cache = list(self._iterable_class(self))
  File "D:\shradda\project\env\lib\site-packages\django\db\models\query.py", line 51, in __iter__
    results = compiler.execute_sql(chunked_fetch=self.chunked_fetch, chunk_size=self.chunk_size)
  File "D:\shradda\project\env\lib\site-packages\django\db\models\sql\compiler.py", line 1169, in execute_sql
    cursor.execute(sql, params)
  File "D:\shradda\project\env\lib\site-packages\django\db\backends\utils.py", line 98, in execute
    return super().execute(sql, params)
  File "D:\shradda\project\env\lib\site-packages\django\db\backends\utils.py", line 66, in execute
    return self._execute_with_wrappers(sql, params, many=False, executor=self._execute)
  File "D:\shradda\project\env\lib\site-packages\django\db\backends\utils.py", line 75, in _execute_with_wrappers
    return executor(sql, params, many, context)
  File "D:\shradda\project\env\lib\site-packages\django\db\backends\utils.py", line 84, in _execute
    return self.cursor.execute(sql, params)
  File "D:\shradda\project\env\lib\site-packages\django\db\utils.py", line 90, in __exit__
    raise dj_exc_value.with_traceback(traceback) from exc_value
  File "D:\shradda\project\env\lib\site-packages\django\db\backends\utils.py", line 84, in _execute
    return self.cursor.execute(sql, params)
  File "D:\shradda\project\env\lib\site-packages\django\db\backends\sqlite3\base.py", line 423, in execute
    return Database.Cursor.execute(self, query, params)
django.db.utils.OperationalError: no such table: api_fitnessclass
[ERROR] 2025-07-15 16:50:58,056 django.server "GET /api/classes HTTP/1.1" 500 162499
[INFO] 2025-07-15 16:53:00,792 django.utils.autoreload Watching for file changes with StatReloader
[INFO] 2025-07-15 16:53:02,315 django.server "GET /api/classes HTTP/1.1" 200 5171
[INFO] 2025-07-15 16:53:03,247 django.server "GET /static/rest_framework/css/prettify.css HTTP/1.1" 200 817
[INFO] 2025-07-15 16:53:03,252 django.server "GET /static/rest_framework/css/bootstrap.min.css HTTP/1.1" 200 121457
[INFO] 2025-07-15 16:53:03,262 django.server "GET /static/rest_framework/css/bootstrap-tweaks.css HTTP/1.1" 200 3385
[INFO] 2025-07-15 16:53:03,264 django.server "GET /static/rest_framework/css/default.css HTTP/1.1" 200 1152
[INFO] 2025-07-15 16:53:03,276 django.server "GET /static/rest_framework/js/ajax-form.js HTTP/1.1" 200 3597
[INFO] 2025-07-15 16:53:03,278 django.server "GET /static/rest_framework/js/csrf.js HTTP/1.1" 200 1719
[INFO] 2025-07-15 16:53:03,290 django.server "GET /static/rest_framework/img/grid.png HTTP/1.1" 200 1458
[INFO] 2025-07-15 16:53:03,302 django.server "GET /static/rest_framework/js/default.js HTTP/1.1" 200 1268
[INFO] 2025-07-15 16:53:03,302 django.server "GET /static/rest_framework/js/prettify-min.js HTTP/1.1" 200 13632
[INFO] 2025-07-15 16:53:03,302 django.server "GET /static/rest_framework/js/bootstrap.min.js HTTP/1.1" 200 39680
[INFO] 2025-07-15 16:53:03,414 django.server "GET /static/rest_framework/js/jquery-3.5.1.min.js HTTP/1.1" 200 89476
[WARNING] 2025-07-15 16:53:09,305 django.request Not Found: /api
[WARNING] 2025-07-15 16:53:09,305 django.server "GET /api HTTP/1.1" 404 2083
[INFO] 2025-07-16 18:03:27,456 django.utils.autoreload Watching for file changes with StatReloader
[INFO] 2025-07-16 18:03:49,543 django.server "GET /api/classes HTTP/1.1" 200 5171
[INFO] 2025-07-16 18:03:50,356 django.server "GET /static/rest_framework/css/prettify.css HTTP/1.1" 200 817
[INFO] 2025-07-16 18:03:50,358 django.server "GET /static/rest_framework/css/bootstrap-tweaks.css HTTP/1.1" 200 3385
[INFO] 2025-07-16 18:03:50,358 django.server "GET /static/rest_framework/css/default.css HTTP/1.1" 200 1152
[INFO] 2025-07-16 18:03:50,361 django.server "GET /static/rest_framework/css/bootstrap.min.css HTTP/1.1" 200 121457
[INFO] 2025-07-16 18:03:50,368 django.server "GET /static/rest_framework/js/ajax-form.js HTTP/1.1" 200 3597
[INFO] 2025-07-16 18:03:50,378 django.server "GET /static/rest_framework/js/csrf.js HTTP/1.1" 200 1719
[INFO] 2025-07-16 18:03:50,381 django.server "GET /static/rest_framework/img/grid.png HTTP/1.1" 200 1458
[INFO] 2025-07-16 18:03:50,386 django.server "GET /static/rest_framework/js/default.js HTTP/1.1" 200 1268
[INFO] 2025-07-16 18:03:50,389 django.server "GET /static/rest_framework/js/prettify-min.js HTTP/1.1" 200 13632
[INFO] 2025-07-16 18:03:50,397 django.server "GET /static/rest_framework/js/bootstrap.min.js HTTP/1.1" 200 39680
[INFO] 2025-07-16 18:03:50,409 django.server "GET /static/rest_framework/js/jquery-3.5.1.min.js HTTP/1.1" 200 89476
[WARNING] 2025-07-16 18:03:50,529 django.request Not Found: /favicon.ico
[WARNING] 2025-07-16 18:03:50,529 django.server "GET /favicon.ico HTTP/1.1" 404 2107
[INFO] 2025-07-16 18:14:27,420 django.utils.autoreload D:\shradda\project\fitness_studio\api\views.py changed, reloading.
[INFO] 2025-07-16 18:14:27,948 django.utils.autoreload Watching for file changes with StatReloader
[INFO] 2025-07-16 18:14:40,895 django.utils.autoreload D:\shradda\project\fitness_studio\api\urls.py changed, reloading.
[INFO] 2025-07-16 18:14:41,427 django.utils.autoreload Watching for file changes with StatReloader
[INFO] 2025-07-16 18:14:48,002 django.server "GET /api/ HTTP/1.1" 200 5514
[INFO] 2025-07-16 18:14:50,942 django.server "GET /api/classes HTTP/1.1" 200 5268
[WARNING] 2025-07-16 18:14:53,717 django.request Method Not Allowed: /api/book
[WARNING] 2025-07-16 18:14:53,717 django.server "GET /api/book HTTP/1.1" 405 5687
[WARNING] 2025-07-16 18:14:56,699 django.request Bad Request: /api/bookings
[WARNING] 2025-07-16 18:14:56,699 django.server "GET /api/bookings HTTP/1.1" 400 5351
[INFO] 2025-07-17 11:00:54,556 django.utils.autoreload Watching for file changes with StatReloader
[INFO] 2025-07-17 11:10:11,863 django.utils.autoreload Watching for file changes with StatReloader
[INFO] 2025-07-17 11:10:17,368 django.server "GET /api/ HTTP/1.1" 200 5425
[INFO] 2025-07-17 11:10:18,234 django.server "GET /static/rest_framework/css/prettify.css HTTP/1.1" 200 817
[INFO] 2025-07-17 11:10:18,237 django.server "GET /static/rest_framework/css/bootstrap-tweaks.css HTTP/1.1" 200 3385
[INFO] 2025-07-17 11:10:18,240 django.server "GET /static/rest_framework/css/bootstrap.min.css HTTP/1.1" 200 121457
[INFO] 2025-07-17 11:10:18,245 django.server "GET /static/rest_framework/css/default.css HTTP/1.1" 200 1152
[INFO] 2025-07-17 11:10:18,248 django.server "GET /static/rest_framework/js/ajax-form.js HTTP/1.1" 200 3597
[INFO] 2025-07-17 11:10:18,255 django.server "GET /static/rest_framework/js/csrf.js HTTP/1.1" 200 1719
[INFO] 2025-07-17 11:10:18,265 django.server "GET /static/rest_framework/js/default.js HTTP/1.1" 200 1268
[INFO] 2025-07-17 11:10:18,273 django.server "GET /static/rest_framework/img/grid.png HTTP/1.1" 200 1458
[INFO] 2025-07-17 11:10:18,273 django.server "GET /static/rest_framework/js/prettify-min.js HTTP/1.1" 200 13632
[INFO] 2025-07-17 11:10:18,278 django.server "GET /static/rest_framework/js/bootstrap.min.js HTTP/1.1" 200 39680
[INFO] 2025-07-17 11:10:18,291 django.server "GET /static/rest_framework/js/jquery-3.5.1.min.js HTTP/1.1" 200 89476
[WARNING] 2025-07-17 11:10:18,410 django.request Not Found: /favicon.ico
[WARNING] 2025-07-17 11:10:18,410 django.server "GET /favicon.ico HTTP/1.1" 404 2107
[WARNING] 2025-07-17 11:10:19,978 django.request Bad Request: /api/book/
[WARNING] 2025-07-17 11:10:19,978 django.server "GET /api/book/ HTTP/1.1" 400 6981
[INFO] 2025-07-17 11:10:26,245 django.server "GET /api/classes/ HTTP/1.1" 200 5607
[INFO] 2025-07-17 11:21:09,392 django.utils.autoreload D:\shradda\project\fitness_studio\api\urls.py changed, reloading.
[INFO] 2025-07-17 11:21:11,485 django.utils.autoreload Watching for file changes with StatReloader
[INFO] 2025-07-17 11:21:59,803 django.utils.autoreload D:\shradda\project\fitness_studio\api\serializers.py changed, reloading.
[INFO] 2025-07-17 11:22:00,322 django.utils.autoreload Watching for file changes with StatReloader
[INFO] 2025-07-17 11:22:08,834 django.utils.autoreload D:\shradda\project\fitness_studio\api\views.py changed, reloading.
[INFO] 2025-07-17 11:22:09,280 django.utils.autoreload Watching for file changes with StatReloader
[INFO] 2025-07-17 11:22:23,118 django.utils.autoreload D:\shradda\project\fitness_studio\api\urls.py changed, reloading.
[INFO] 2025-07-17 11:22:23,606 django.utils.autoreload Watching for file changes with StatReloader
[INFO] 2025-07-17 11:23:44,718 django.utils.autoreload D:\shradda\project\fitness_studio\api\views.py changed, reloading.
[INFO] 2025-07-17 11:23:45,188 django.utils.autoreload Watching for file changes with StatReloader
[INFO] 2025-07-17 11:27:12,928 django.server "GET /api/ HTTP/1.1" 200 5565
[WARNING] 2025-07-17 11:27:13,052 django.request Not Found: /favicon.ico
[WARNING] 2025-07-17 11:27:13,052 django.server "GET /favicon.ico HTTP/1.1" 404 2107
[INFO] 2025-07-17 11:27:16,308 django.server "GET /api/classes/ HTTP/1.1" 200 5607
[WARNING] 2025-07-17 11:27:16,882 django.request Method Not Allowed: /api/book/
[WARNING] 2025-07-17 11:27:16,882 django.server "GET /api/book/ HTTP/1.1" 405 5716
[WARNING] 2025-07-17 11:27:18,118 django.request Bad Request: /api/bookings/
[WARNING] 2025-07-17 11:27:18,118 django.server "GET /api/bookings/ HTTP/1.1" 400 5392
[INFO] 2025-07-17 11:29:02,011 django.server "POST /api/book/ HTTP/1.1" 201 5688
[INFO] 2025-07-17 11:29:23,196 django.server "GET /api/bookings/?email=user_1@example.com HTTP/1.1" 200 5634
[INFO] 2025-07-17 11:29:32,313 django.server "OPTIONS /api/classes/ HTTP/1.1" 200 5769
[INFO] 2025-07-17 11:29:33,975 django.server "GET /api/classes/ HTTP/1.1" 200 5607
[INFO] 2025-07-17 12:39:53,253 django.server "POST /api/book/ HTTP/1.1" 201 5688
[INFO] 2025-07-17 12:40:01,909 django.server "POST /api/book/ HTTP/1.1" 201 5688
[INFO] 2025-07-17 12:40:11,070 django.server "POST /api/book/ HTTP/1.1" 201 5688
[INFO] 2025-07-17 12:40:20,771 django.server "POST /api/book/ HTTP/1.1" 201 5688
[WARNING] 2025-07-17 12:40:31,514 django.request Bad Request: /api/book/
[WARNING] 2025-07-17 12:40:31,514 django.server "POST /api/book/ HTTP/1.1" 400 5713
[INFO] 2025-07-17 12:40:39,296 django.server "GET /api/classes/ HTTP/1.1" 200 5607
[INFO] 2025-07-17 12:42:33,345 django.utils.autoreload Watching for file changes with StatReloader
[WARNING] 2025-07-17 12:43:24,570 django.request Bad Request: /api/book/
[WARNING] 2025-07-17 12:43:24,573 django.server "POST /api/book/ HTTP/1.1" 400 5696
[INFO] 2025-07-17 12:44:00,242 django.utils.autoreload D:\shradda\project\fitness_studio\api\views.py changed, reloading.
[INFO] 2025-07-17 12:44:00,954 django.utils.autoreload Watching for file changes with StatReloader
[INFO] 2025-07-17 12:44:10,014 django.utils.autoreload D:\shradda\project\fitness_studio\api\views.py changed, reloading.
[INFO] 2025-07-17 12:44:10,763 django.utils.autoreload Watching for file changes with StatReloader
[INFO] 2025-07-17 12:44:20,000 django.utils.autoreload D:\shradda\project\fitness_studio\api\views.py changed, reloading.
[INFO] 2025-07-17 12:44:20,750 django.utils.autoreload Watching for file changes with StatReloader
[INFO] 2025-07-17 12:45:01,363 django.utils.autoreload D:\shradda\project\fitness_studio\api\views.py changed, reloading.
[INFO] 2025-07-17 12:45:02,130 django.utils.autoreload Watching for file changes with StatReloader
[INFO] 2025-07-17 12:46:27,663 django.utils.autoreload D:\shradda\project\fitness_studio\api\views.py changed, reloading.
[INFO] 2025-07-17 12:46:28,392 django.utils.autoreload Watching for file changes with StatReloader
[INFO] 2025-07-17 12:47:36,038 django.utils.autoreload D:\shradda\project\fitness_studio\api\serializers.py changed, reloading.
[INFO] 2025-07-17 12:47:36,882 django.utils.autoreload Watching for file changes with StatReloader
[INFO] 2025-07-17 12:47:51,790 django.utils.autoreload D:\shradda\project\fitness_studio\api\views.py changed, reloading.
[INFO] 2025-07-17 12:47:52,559 django.utils.autoreload Watching for file changes with StatReloader
[INFO] 2025-07-17 14:51:21,698 django.utils.autoreload Watching for file changes with StatReloader
[INFO] 2025-07-17 14:51:24,378 api.views Fetching upcoming fitness classes.
[INFO] 2025-07-17 14:51:24,447 api.views Fetching upcoming fitness classes.
[INFO] 2025-07-17 14:51:24,479 django.server "GET /api/classes/ HTTP/1.1" 200 5609
[INFO] 2025-07-17 14:52:16,433 django.utils.autoreload D:\shradda\project\fitness_studio\api\views.py changed, reloading.
[INFO] 2025-07-17 14:52:16,932 django.utils.autoreload Watching for file changes with StatReloader
[INFO] 2025-07-17 14:52:20,372 api.views Fetching upcoming fitness classes.
[INFO] 2025-07-17 14:52:20,402 api.views Fetching upcoming fitness classes.
[INFO] 2025-07-17 14:52:20,418 django.server "GET /api/classes/ HTTP/1.1" 200 5609
[INFO] 2025-07-17 14:52:21,815 api.views Fetching upcoming fitness classes.
[INFO] 2025-07-17 14:52:21,818 api.views Fetching upcoming fitness classes.
[INFO] 2025-07-17 14:52:21,824 django.server "GET /api/classes/ HTTP/1.1" 200 5609
[INFO] 2025-07-17 14:52:22,471 api.views Fetching upcoming fitness classes.
[INFO] 2025-07-17 14:52:22,475 api.views Fetching upcoming fitness classes.
[INFO] 2025-07-17 14:52:22,481 django.server "GET /api/classes/ HTTP/1.1" 200 5609
[INFO] 2025-07-17 14:52:24,383 api.views Fetching upcoming fitness classes.
[INFO] 2025-07-17 14:52:24,386 api.views Fetching upcoming fitness classes.
[INFO] 2025-07-17 14:52:24,392 django.server "GET /api/classes/ HTTP/1.1" 200 5609
[INFO] 2025-07-17 14:52:35,111 api.views Fetching bookings for user_1@example.com.
[INFO] 2025-07-17 14:52:35,121 django.server "GET /api/bookings/?email=user_1@example.com HTTP/1.1" 200 5635
[INFO] 2025-07-17 14:52:36,293 api.views Fetching bookings for user_1@example.com.
[INFO] 2025-07-17 14:52:36,303 django.server "GET /api/bookings/?email=user_1@example.com HTTP/1.1" 200 5635
[INFO] 2025-07-17 14:52:37,485 api.views Fetching bookings for user_1@example.com.
[INFO] 2025-07-17 14:52:37,496 django.server "GET /api/bookings/?email=user_1@example.com HTTP/1.1" 200 5635
[INFO] 2025-07-17 14:52:44,470 api.views Fetching bookings for user_2@example.com.
[INFO] 2025-07-17 14:52:44,479 django.server "GET /api/bookings/?email=user_2@example.com HTTP/1.1" 200 5635
[INFO] 2025-07-17 14:52:46,214 api.views Fetching bookings for user_2@example.com.
[INFO] 2025-07-17 14:52:46,223 django.server "GET /api/bookings/?email=user_2@example.com HTTP/1.1" 200 5635
[INFO] 2025-07-17 14:52:47,173 api.views Fetching bookings for user_2@example.com.
[INFO] 2025-07-17 14:52:47,181 django.server "GET /api/bookings/?email=user_2@example.com HTTP/1.1" 200 5635
[INFO] 2025-07-17 14:52:47,981 api.views Fetching bookings for user_2@example.com.
[INFO] 2025-07-17 14:52:47,989 django.server "GET /api/bookings/?email=user_2@example.com HTTP/1.1" 200 5635
[INFO] 2025-07-17 14:52:48,622 api.views Fetching bookings for user_2@example.com.
[INFO] 2025-07-17 14:52:48,632 django.server "GET /api/bookings/?email=user_2@example.com HTTP/1.1" 200 5635
[INFO] 2025-07-17 14:52:49,180 api.views Fetching bookings for user_2@example.com.
[INFO] 2025-07-17 14:52:49,189 django.server "GET /api/bookings/?email=user_2@example.com HTTP/1.1" 200 5635
[INFO] 2025-07-17 14:52:56,910 api.views Fetching upcoming fitness classes.
[INFO] 2025-07-17 14:52:56,914 api.views Fetching upcoming fitness classes.
[INFO] 2025-07-17 14:52:56,919 django.server "GET /api/classes/ HTTP/1.1" 200 5609
[INFO] 2025-07-17 14:53:43,755 django.utils.autoreload Watching for file changes with StatReloader
[INFO] 2025-07-17 14:53:56,276 django.server "GET /admin/ HTTP/1.1" 302 0
[INFO] 2025-07-17 14:53:56,476 django.server "GET /admin/login/?next=/admin/ HTTP/1.1" 200 2218
[INFO] 2025-07-17 14:53:57,165 django.server "GET /static/admin/css/login.css HTTP/1.1" 200 939
[INFO] 2025-07-17 14:53:57,166 django.server "GET /static/admin/css/nav_sidebar.css HTTP/1.1" 200 2271
[INFO] 2025-07-17 14:53:57,166 django.server "GET /static/admin/css/base.css HTTP/1.1" 200 19513
[INFO] 2025-07-17 14:53:57,175 django.server "GET /static/admin/css/fonts.css HTTP/1.1" 200 423
[INFO] 2025-07-17 14:53:57,306 django.server "GET /static/admin/css/responsive.css HTTP/1.1" 200 18545
[INFO] 2025-07-17 14:53:57,314 django.server "GET /static/admin/js/nav_sidebar.js HTTP/1.1" 200 1360
[INFO] 2025-07-17 14:53:57,333 django.server "GET /static/admin/fonts/Roboto-Light-webfont.woff HTTP/1.1" 200 85692
[INFO] 2025-07-17 14:53:57,334 django.server "GET /static/admin/fonts/Roboto-Regular-webfont.woff HTTP/1.1" 200 85876
[WARNING] 2025-07-17 14:53:57,357 django.request Not Found: /favicon.ico
[WARNING] 2025-07-17 14:53:57,357 django.server "GET /favicon.ico HTTP/1.1" 404 2107
[INFO] 2025-07-17 14:54:07,778 django.server "POST /admin/login/?next=/admin/ HTTP/1.1" 302 0
[INFO] 2025-07-17 14:54:07,811 django.server "GET /admin/ HTTP/1.1" 200 3332
[INFO] 2025-07-17 14:54:07,829 django.server "GET /static/admin/css/dashboard.css HTTP/1.1" 200 380
[INFO] 2025-07-17 14:54:07,833 django.server "GET /static/admin/img/icon-addlink.svg HTTP/1.1" 200 331
[INFO] 2025-07-17 14:54:07,833 django.server "GET /static/admin/img/icon-changelink.svg HTTP/1.1" 200 380
[INFO] 2025-07-17 14:54:07,839 django.server "GET /static/admin/fonts/Roboto-Bold-webfont.woff HTTP/1.1" 200 86184
[INFO] 2025-07-17 14:54:11,020 django.server "GET /admin/auth/user/ HTTP/1.1" 200 7856
[INFO] 2025-07-17 14:54:11,037 django.server "GET /admin/jsi18n/ HTTP/1.1" 200 3195
[INFO] 2025-07-17 14:54:11,040 django.server "GET /static/admin/css/changelists.css HTTP/1.1" 200 6874
[INFO] 2025-07-17 14:54:11,044 django.server "GET /static/admin/js/jquery.init.js HTTP/1.1" 200 347
[INFO] 2025-07-17 14:54:11,055 django.server "GET /static/admin/js/core.js HTTP/1.1" 200 5698
[INFO] 2025-07-17 14:54:11,061 django.server "GET /static/admin/js/admin/RelatedObjectLookups.js HTTP/1.1" 200 5984
[INFO] 2025-07-17 14:54:11,064 django.server "GET /static/admin/js/urlify.js HTTP/1.1" 200 7902
[INFO] 2025-07-17 14:54:11,067 django.server "GET /static/admin/js/actions.js HTTP/1.1" 200 6540
[INFO] 2025-07-17 14:54:11,071 django.server "GET /static/admin/js/prepopulate.js HTTP/1.1" 200 1531
[INFO] 2025-07-17 14:54:11,074 django.server "GET /static/admin/img/search.svg HTTP/1.1" 200 458
[INFO] 2025-07-17 14:54:11,076 django.server "GET /static/admin/img/icon-yes.svg HTTP/1.1" 200 436
[INFO] 2025-07-17 14:54:11,085 django.server "GET /static/admin/js/vendor/jquery/jquery.js HTTP/1.1" 200 287630
[INFO] 2025-07-17 14:54:11,114 django.server "GET /static/admin/js/vendor/xregexp/xregexp.js HTTP/1.1" 200 232381
[INFO] 2025-07-17 14:54:11,132 django.server "GET /static/admin/img/tooltag-add.svg HTTP/1.1" 200 331
[INFO] 2025-07-17 14:54:11,133 django.server "GET /static/admin/img/sorting-icons.svg HTTP/1.1" 200 1097
[INFO] 2025-07-17 14:54:13,531 django.server "GET /admin/auth/group/ HTTP/1.1" 200 4758
[INFO] 2025-07-17 14:54:13,541 django.server "GET /admin/jsi18n/ HTTP/1.1" 200 3195
[INFO] 2025-07-17 14:54:17,812 django.server "GET /admin/ HTTP/1.1" 200 3332
[INFO] 2025-07-17 14:54:23,928 django.server "GET /admin/auth/user/ HTTP/1.1" 200 7856
[INFO] 2025-07-17 14:54:23,935 django.server "GET /admin/jsi18n/ HTTP/1.1" 200 3195
[INFO] 2025-07-17 14:54:28,591 django.server "GET /admin/auth/group/ HTTP/1.1" 200 4758
[INFO] 2025-07-17 14:54:28,599 django.server "GET /admin/jsi18n/ HTTP/1.1" 200 3195
[INFO] 2025-07-17 14:54:30,114 django.server "GET /admin/ HTTP/1.1" 200 3332
[INFO] 2025-07-17 14:55:25,415 django.utils.autoreload D:\shradda\project\fitness_studio\api\admin.py changed, reloading.
[INFO] 2025-07-17 14:55:25,918 django.utils.autoreload Watching for file changes with StatReloader
[INFO] 2025-07-17 14:55:31,606 django.server "GET /admin/ HTTP/1.1" 200 4406
[INFO] 2025-07-17 14:55:33,094 django.server "GET /admin/api/booking/ HTTP/1.1" 200 7236
[INFO] 2025-07-17 14:55:33,105 django.server "GET /admin/jsi18n/ HTTP/1.1" 200 3195
[INFO] 2025-07-17 14:55:35,996 django.server "GET /admin/ HTTP/1.1" 200 4406
[INFO] 2025-07-17 14:55:37,335 django.server "GET /admin/api/fitnessclass/ HTTP/1.1" 200 6455
[INFO] 2025-07-17 14:55:37,343 django.server "GET /admin/jsi18n/ HTTP/1.1" 200 3195
[INFO] 2025-07-17 14:55:40,093 django.server "GET /admin/api/fitnessclass/1/change/ HTTP/1.1" 200 8089
[INFO] 2025-07-17 14:55:40,426 django.server "GET /admin/jsi18n/ HTTP/1.1" 200 3195
[INFO] 2025-07-17 14:55:40,600 django.server "GET /static/admin/css/forms.css HTTP/1.1" 200 8804
[INFO] 2025-07-17 14:55:40,607 django.server "GET /static/admin/js/admin/DateTimeShortcuts.js HTTP/1.1" 200 19634
[INFO] 2025-07-17 14:55:40,607 django.server "GET /static/admin/js/calendar.js HTTP/1.1" 200 8466
[INFO] 2025-07-17 14:55:40,611 django.server "GET /static/admin/css/widgets.css HTTP/1.1" 200 11097
[INFO] 2025-07-17 14:55:40,624 django.server "GET /static/admin/js/change_form.js HTTP/1.1" 200 606
[INFO] 2025-07-17 14:55:40,750 django.server "GET /static/admin/js/prepopulate_init.js HTTP/1.1" 200 492
[INFO] 2025-07-17 14:55:40,771 django.server "GET /static/admin/img/icon-clock.svg HTTP/1.1" 200 677
[INFO] 2025-07-17 14:55:40,771 django.server "GET /static/admin/img/icon-calendar.svg HTTP/1.1" 200 1086
[INFO] 2025-07-17 14:55:43,947 django.server "POST /admin/api/fitnessclass/1/change/ HTTP/1.1" 302 0
[INFO] 2025-07-17 14:55:43,970 django.server "GET /admin/api/fitnessclass/ HTTP/1.1" 200 6684
[INFO] 2025-07-17 14:55:43,984 django.server "GET /admin/jsi18n/ HTTP/1.1" 200 3195
[INFO] 2025-07-17 14:55:48,425 api.views Fetching upcoming fitness classes.
[INFO] 2025-07-17 14:55:48,436 api.views Fetching upcoming fitness classes.
[INFO] 2025-07-17 14:55:48,446 django.server "GET /api/classes/ HTTP/1.1" 200 5609
[INFO] 2025-07-17 14:55:48,460 django.server "GET /static/rest_framework/css/bootstrap-tweaks.css HTTP/1.1" 200 3385
[INFO] 2025-07-17 14:55:48,460 django.server "GET /static/rest_framework/css/prettify.css HTTP/1.1" 200 817
[INFO] 2025-07-17 14:55:48,463 django.server "GET /static/rest_framework/css/default.css HTTP/1.1" 200 1152
[INFO] 2025-07-17 14:55:48,463 django.server "GET /static/rest_framework/js/ajax-form.js HTTP/1.1" 200 3597
[INFO] 2025-07-17 14:55:48,467 django.server "GET /static/rest_framework/js/default.js HTTP/1.1" 200 1268
[INFO] 2025-07-17 14:55:48,470 django.server "GET /static/rest_framework/css/bootstrap.min.css HTTP/1.1" 200 121457
[INFO] 2025-07-17 14:55:48,483 django.server "GET /static/rest_framework/js/csrf.js HTTP/1.1" 200 1719
[INFO] 2025-07-17 14:55:48,490 django.server "GET /static/rest_framework/img/grid.png HTTP/1.1" 200 1458
[INFO] 2025-07-17 14:55:48,493 django.server "GET /static/rest_framework/js/prettify-min.js HTTP/1.1" 200 13632
[INFO] 2025-07-17 14:55:48,502 django.server "GET /static/rest_framework/js/bootstrap.min.js HTTP/1.1" 200 39680
[INFO] 2025-07-17 14:55:48,519 django.server "GET /static/rest_framework/js/jquery-3.5.1.min.js HTTP/1.1" 200 89476
[WARNING] 2025-07-17 14:55:48,548 django.request Not Found: /favicon.ico
[WARNING] 2025-07-17 14:55:48,548 django.server "GET /favicon.ico HTTP/1.1" 404 2107
[INFO] 2025-07-17 14:55:50,639 api.views Fetching upcoming fitness classes.
[INFO] 2025-07-17 14:55:50,642 api.views Fetching upcoming fitness classes.
[INFO] 2025-07-17 14:55:50,649 django.server "GET /api/classes/ HTTP/1.1" 200 5609
[INFO] 2025-07-17 14:58:44,243 django.utils.autoreload D:\shradda\project\fitness_studio\api\models.py changed, reloading.
[INFO] 2025-07-17 14:58:44,796 django.utils.autoreload Watching for file changes with StatReloader
[INFO] 2025-07-17 14:58:56,629 django.utils.autoreload D:\shradda\project\fitness_studio\api\serializers.py changed, reloading.
[INFO] 2025-07-17 14:58:57,100 django.utils.autoreload Watching for file changes with StatReloader
[INFO] 2025-07-17 14:59:03,361 api.views Fetching upcoming fitness classes.
[INFO] 2025-07-17 14:59:03,395 api.views Fetching upcoming fitness classes.
[INFO] 2025-07-17 14:59:03,417 django.server "GET /api/classes/ HTTP/1.1" 200 5609
[INFO] 2025-07-17 14:59:04,246 api.views Fetching upcoming fitness classes.
[INFO] 2025-07-17 14:59:04,249 api.views Fetching upcoming fitness classes.
[INFO] 2025-07-17 14:59:04,250 django.server "GET /api/classes/ HTTP/1.1" 200 5609
[INFO] 2025-07-17 14:59:05,036 api.views Fetching upcoming fitness classes.
[INFO] 2025-07-17 14:59:05,041 api.views Fetching upcoming fitness classes.
[INFO] 2025-07-17 14:59:05,047 django.server "GET /api/classes/ HTTP/1.1" 200 5609
[INFO] 2025-07-17 14:59:05,957 api.views Fetching upcoming fitness classes.
[INFO] 2025-07-17 14:59:05,960 api.views Fetching upcoming fitness classes.
[INFO] 2025-07-17 14:59:05,962 django.server "GET /api/classes/ HTTP/1.1" 200 5609
[INFO] 2025-07-17 14:59:06,349 api.views Fetching upcoming fitness classes.
[INFO] 2025-07-17 14:59:06,353 api.views Fetching upcoming fitness classes.
[INFO] 2025-07-17 14:59:06,359 django.server "GET /api/classes/ HTTP/1.1" 200 5609
[INFO] 2025-07-17 14:59:39,748 django.utils.autoreload Watching for file changes with StatReloader
[INFO] 2025-07-17 14:59:44,362 django.server "GET /admin/api/fitnessclass/ HTTP/1.1" 200 6455
[INFO] 2025-07-17 14:59:44,372 django.server "GET /admin/jsi18n/ HTTP/1.1" 200 3195
[WARNING] 2025-07-17 14:59:44,403 django.request Not Found: /favicon.ico
[WARNING] 2025-07-17 14:59:44,403 django.server "GET /favicon.ico HTTP/1.1" 404 2107
[INFO] 2025-07-17 14:59:46,259 django.server "GET /admin/api/booking/ HTTP/1.1" 200 7236
[INFO] 2025-07-17 14:59:46,268 django.server "GET /admin/jsi18n/ HTTP/1.1" 200 3195
[INFO] 2025-07-17 14:59:46,993 django.server "GET /admin/api/fitnessclass/ HTTP/1.1" 200 6455
[INFO] 2025-07-17 14:59:47,003 django.server "GET /admin/jsi18n/ HTTP/1.1" 200 3195
[INFO] 2025-07-17 14:59:48,634 django.server "GET /admin/api/fitnessclass/1/change/ HTTP/1.1" 200 8089
[INFO] 2025-07-17 14:59:48,646 django.server "GET /admin/jsi18n/ HTTP/1.1" 200 3195
[INFO] 2025-07-17 14:59:52,521 django.server "GET /api/ HTTP/1.1" 200 5565
[INFO] 2025-07-17 14:59:55,258 api.views Fetching upcoming fitness classes.
[INFO] 2025-07-17 14:59:55,261 api.views Fetching upcoming fitness classes.
[INFO] 2025-07-17 14:59:55,268 django.server "GET /api/classes/ HTTP/1.1" 200 5609
[INFO] 2025-07-17 14:59:56,225 api.views Fetching upcoming fitness classes.
[INFO] 2025-07-17 14:59:56,229 api.views Fetching upcoming fitness classes.
[INFO] 2025-07-17 14:59:56,235 django.server "GET /api/classes/ HTTP/1.1" 200 5609
[INFO] 2025-07-17 14:59:56,537 api.views Fetching upcoming fitness classes.
[INFO] 2025-07-17 14:59:56,540 api.views Fetching upcoming fitness classes.
[INFO] 2025-07-17 14:59:56,546 django.server "GET /api/classes/ HTTP/1.1" 200 5609
[INFO] 2025-07-17 14:59:56,872 api.views Fetching upcoming fitness classes.
[INFO] 2025-07-17 14:59:56,877 api.views Fetching upcoming fitness classes.
[INFO] 2025-07-17 14:59:56,882 django.server "GET /api/classes/ HTTP/1.1" 200 5609
[INFO] 2025-07-17 15:01:20,518 django.utils.autoreload Watching for file changes with StatReloader
[INFO] 2025-07-17 15:01:24,313 django.server "GET /admin/api/fitnessclass/ HTTP/1.1" 200 6683
[INFO] 2025-07-17 15:01:24,322 django.server "GET /admin/jsi18n/ HTTP/1.1" 200 3195
[INFO] 2025-07-17 15:01:28,461 django.server "GET /admin/api/fitnessclass/1/change/ HTTP/1.1" 200 8085
[INFO] 2025-07-17 15:01:28,468 django.server "GET /admin/jsi18n/ HTTP/1.1" 200 3195
[INFO] 2025-07-17 15:01:31,474 api.views Fetching upcoming fitness classes.
[INFO] 2025-07-17 15:01:31,479 api.views Fetching upcoming fitness classes.
[INFO] 2025-07-17 15:01:31,487 django.server "GET /api/classes/ HTTP/1.1" 200 5850
[INFO] 2025-07-17 15:01:41,637 django.server "GET /admin/api/booking/ HTTP/1.1" 200 7231
[INFO] 2025-07-17 15:01:41,648 django.server "GET /admin/jsi18n/ HTTP/1.1" 200 3195
[INFO] 2025-07-17 15:01:44,714 django.server "GET /admin/api/booking/5/change/ HTTP/1.1" 200 8012
[INFO] 2025-07-17 15:01:44,726 django.server "GET /admin/jsi18n/ HTTP/1.1" 200 3195
[INFO] 2025-07-17 15:01:49,886 django.server "GET /admin/api/booking/ HTTP/1.1" 200 7231
[INFO] 2025-07-17 15:01:49,896 django.server "GET /admin/jsi18n/ HTTP/1.1" 200 3195
[INFO] 2025-07-17 15:01:53,273 django.server "GET /admin/api/booking/4/change/ HTTP/1.1" 200 8012
[INFO] 2025-07-17 15:01:53,283 django.server "GET /admin/jsi18n/ HTTP/1.1" 200 3195
[INFO] 2025-07-17 15:01:57,152 django.server "GET /admin/api/booking/4/delete/ HTTP/1.1" 200 5207
[INFO] 2025-07-17 15:01:57,402 django.server "GET /static/admin/js/cancel.js HTTP/1.1" 200 884
[INFO] 2025-07-17 15:01:58,255 django.server "POST /admin/api/booking/4/delete/ HTTP/1.1" 302 0
[INFO] 2025-07-17 15:01:58,278 django.server "GET /admin/api/booking/ HTTP/1.1" 200 7183
[INFO] 2025-07-17 15:01:58,297 django.server "GET /admin/jsi18n/ HTTP/1.1" 200 3195
[INFO] 2025-07-17 15:01:59,233 django.server "GET /admin/api/booking/5/change/ HTTP/1.1" 200 8012
[INFO] 2025-07-17 15:01:59,240 django.server "GET /admin/jsi18n/ HTTP/1.1" 200 3195
[INFO] 2025-07-17 15:02:02,397 django.server "GET /admin/api/booking/5/delete/ HTTP/1.1" 200 5207
[INFO] 2025-07-17 15:02:03,628 django.server "POST /admin/api/booking/5/delete/ HTTP/1.1" 302 0
[INFO] 2025-07-17 15:02:03,655 django.server "GET /admin/api/booking/ HTTP/1.1" 200 6972
[INFO] 2025-07-17 15:02:03,673 django.server "GET /admin/jsi18n/ HTTP/1.1" 200 3195
[INFO] 2025-07-17 15:02:04,798 django.server "GET /admin/api/fitnessclass/ HTTP/1.1" 200 6683
[INFO] 2025-07-17 15:02:04,806 django.server "GET /admin/jsi18n/ HTTP/1.1" 200 3195
[INFO] 2025-07-17 15:02:07,999 api.views Fetching upcoming fitness classes.
[INFO] 2025-07-17 15:02:08,003 api.views Fetching upcoming fitness classes.
[INFO] 2025-07-17 15:02:08,009 django.server "GET /api/classes/ HTTP/1.1" 200 5850
[INFO] 2025-07-17 15:02:14,299 django.server "OPTIONS /api/book/ HTTP/1.1" 200 5991
[INFO] 2025-07-17 15:02:17,883 api.views Fetching bookings for user_2@example.com.
[INFO] 2025-07-17 15:02:17,894 django.server "GET /api/bookings/?email=user_2@example.com HTTP/1.1" 200 5634
[INFO] 2025-07-17 15:02:19,212 api.views Fetching bookings for user_2@example.com.
[INFO] 2025-07-17 15:02:19,221 django.server "GET /api/bookings/?email=user_2@example.com HTTP/1.1" 200 5634
[INFO] 2025-07-17 15:04:06,387 api.views Fetching upcoming fitness classes.
[INFO] 2025-07-17 15:04:06,393 api.views Fetching upcoming fitness classes.
[INFO] 2025-07-17 15:04:06,400 django.server "GET /api/classes/ HTTP/1.1" 200 5850
[INFO] 2025-07-17 15:04:34,236 api.views Received booking request.
[INFO] 2025-07-17 15:04:34,245 api.views Booking successful for user_4@example.com in class 'Yoga'.
[INFO] 2025-07-17 15:04:34,254 django.server "POST /api/book/ HTTP/1.1" 201 5688
[INFO] 2025-07-17 15:04:40,825 api.views Fetching upcoming fitness classes.
[INFO] 2025-07-17 15:04:40,831 api.views Fetching upcoming fitness classes.
[INFO] 2025-07-17 15:04:40,837 django.server "GET /api/classes/ HTTP/1.1" 200 5850
[INFO] 2025-07-17 15:04:56,963 api.views Received booking request.
[INFO] 2025-07-17 15:04:56,979 api.views Booking successful for user_5@example.com in class 'Yoga'.
[INFO] 2025-07-17 15:04:56,985 django.server "POST /api/book/ HTTP/1.1" 201 5688
[INFO] 2025-07-17 15:04:59,823 api.views Fetching upcoming fitness classes.
[INFO] 2025-07-17 15:04:59,828 api.views Fetching upcoming fitness classes.
[INFO] 2025-07-17 15:04:59,834 django.server "GET /api/classes/ HTTP/1.1" 200 5850
[INFO] 2025-07-17 15:05:13,256 api.views Received booking request.
[WARNING] 2025-07-17 15:05:13,260 api.views Booking failed validation: {'non_field_errors': [ErrorDetail(string='Class is full.', code='invalid')]}
[WARNING] 2025-07-17 15:05:13,271 django.request Bad Request: /api/book/
[WARNING] 2025-07-17 15:05:13,271 django.server "POST /api/book/ HTTP/1.1" 400 5713
[INFO] 2025-07-17 15:05:38,117 api.views Fetching bookings for user_2@example.com.
[INFO] 2025-07-17 15:05:38,125 django.server "GET /api/bookings/?email=user_2@example.com HTTP/1.1" 200 5634
[INFO] 2025-07-17 15:05:54,643 django.server "GET /admin/api/booking/ HTTP/1.1" 200 7231
[INFO] 2025-07-17 15:05:54,656 django.server "GET /admin/jsi18n/ HTTP/1.1" 200 3195
[INFO] 2025-07-17 15:05:56,199 django.server "GET /admin/api/fitnessclass/ HTTP/1.1" 200 6683
[INFO] 2025-07-17 15:05:56,212 django.server "GET /admin/jsi18n/ HTTP/1.1" 200 3195
[INFO] 2025-07-17 15:05:58,194 django.server "GET /admin/api/fitnessclass/1/change/ HTTP/1.1" 200 8085
[INFO] 2025-07-17 15:05:58,204 django.server "GET /admin/jsi18n/ HTTP/1.1" 200 3195
[INFO] 2025-07-17 15:06:02,905 django.server "GET /admin/api/fitnessclass/1/change/ HTTP/1.1" 200 8085
[INFO] 2025-07-17 15:06:02,916 django.server "GET /admin/jsi18n/ HTTP/1.1" 200 3195
[INFO] 2025-07-17 15:06:10,202 django.server "GET /admin/api/booking/ HTTP/1.1" 200 7231
[INFO] 2025-07-17 15:06:10,217 django.server "GET /admin/jsi18n/ HTTP/1.1" 200 3195
[INFO] 2025-07-17 15:06:16,222 django.server "GET /admin/api/fitnessclass/ HTTP/1.1" 200 6683
[INFO] 2025-07-17 15:06:16,234 django.server "GET /admin/jsi18n/ HTTP/1.1" 200 3195
[INFO] 2025-07-17 15:06:17,286 django.server "GET /admin/api/fitnessclass/2/change/ HTTP/1.1" 200 8089
[INFO] 2025-07-17 15:06:17,298 django.server "GET /admin/jsi18n/ HTTP/1.1" 200 3195
[INFO] 2025-07-17 15:06:24,527 django.server "GET /api/ HTTP/1.1" 200 5565
[INFO] 2025-07-17 15:09:00,280 django.utils.autoreload Watching for file changes with StatReloader
[INFO] 2025-07-17 15:09:08,479 django.server "GET /swagger HTTP/1.1" 301 0
[INFO] 2025-07-17 15:09:08,503 django.server "GET /swagger/ HTTP/1.1" 200 2221
[INFO] 2025-07-17 15:09:09,391 django.server "GET /static/drf-yasg/style.css HTTP/1.1" 200 1047
[INFO] 2025-07-17 15:09:09,403 django.server "GET /static/drf-yasg/swagger-ui-dist/swagger-ui.css HTTP/1.1" 200 145206
[INFO] 2025-07-17 15:09:09,408 django.server "GET /static/drf-yasg/insQ.min.js HTTP/1.1" 200 2093
[INFO] 2025-07-17 15:09:09,417 django.server "GET /static/drf-yasg/swagger-ui-init.js HTTP/1.1" 200 15480
[INFO] 2025-07-17 15:09:09,424 django.server "GET /static/drf-yasg/swagger-ui-dist/swagger-ui-bundle.js HTTP/1.1" 200 1046583
[INFO] 2025-07-17 15:09:09,465 django.server "GET /static/drf-yasg/immutable.min.js HTTP/1.1" 200 56904
[INFO] 2025-07-17 15:09:09,547 django.server "GET /static/drf-yasg/swagger-ui-dist/swagger-ui-standalone-preset.js HTTP/1.1" 200 322863
[INFO] 2025-07-17 15:09:09,589 api.views Fetching upcoming fitness classes.
[INFO] 2025-07-17 15:09:09,594 django.server "GET /swagger/?format=openapi HTTP/1.1" 200 1983
[INFO] 2025-07-17 15:09:09,611 django.server "GET /static/drf-yasg/swagger-ui-dist/favicon-32x32.png HTTP/1.1" 200 628
[INFO] 2025-07-17 15:09:16,912 django.server "GET /redoc HTTP/1.1" 301 0
[INFO] 2025-07-17 15:09:16,934 django.server "GET /redoc/ HTTP/1.1" 200 935
[INFO] 2025-07-17 15:09:16,962 django.server "GET /static/drf-yasg/redoc-init.js HTTP/1.1" 200 2566
[INFO] 2025-07-17 15:09:16,980 django.server "GET /static/drf-yasg/redoc/redoc.min.js HTTP/1.1" 200 1042511
[INFO] 2025-07-17 15:09:17,049 api.views Fetching upcoming fitness classes.
[INFO] 2025-07-17 15:09:17,056 django.server "GET /redoc/?format=openapi HTTP/1.1" 200 1983
[INFO] 2025-07-17 15:09:17,066 django.server "GET /static/drf-yasg/redoc/redoc-logo.png HTTP/1.1" 200 4969
[INFO] 2025-07-17 15:11:20,094 django.utils.autoreload D:\shradda\project\fitness_studio\fitness_studio\urls.py changed, reloading.
[INFO] 2025-07-17 15:11:20,665 django.utils.autoreload Watching for file changes with StatReloader
